INFO: [VRFC 10-2263] Analyzing Verilog file "E:/new/class/MiniMIPS32/MiniMIPS32.srcs/sources_1/ip/inst_rom/sim/inst_rom.v" into library xil_defaultlib
INFO: [VRFC 10-311] analyzing module inst_rom
INFO: [VRFC 10-2263] Analyzing Verilog file "E:/new/class/MiniMIPS32/MiniMIPS32.srcs/sources_1/ip/clk_wiz_0/clk_wiz_0_clk_wiz.v" into library xil_defaultlib
INFO: [VRFC 10-311] analyzing module clk_wiz_0_clk_wiz
INFO: [VRFC 10-2263] Analyzing Verilog file "E:/new/class/MiniMIPS32/MiniMIPS32.srcs/sources_1/ip/clk_wiz_0/clk_wiz_0.v" into library xil_defaultlib
INFO: [VRFC 10-311] analyzing module clk_wiz_0
INFO: [VRFC 10-2263] Analyzing Verilog file "E:/new/class/MiniMIPS32/MiniMIPS32.srcs/sources_1/new/MiniMIPS32.v" into library xil_defaultlib
INFO: [VRFC 10-311] analyzing module MiniMIPS32
INFO: [VRFC 10-2263] Analyzing Verilog file "E:/new/class/MiniMIPS32/MiniMIPS32.srcs/sources_1/new/MiniMIPS32_SYS.v" into library xil_defaultlib
INFO: [VRFC 10-311] analyzing module MiniMIPS32_SYS
INFO: [VRFC 10-2263] Analyzing Verilog file "E:/new/class/MiniMIPS32/MiniMIPS32.srcs/sources_1/new/exe_stage.v" into library xil_defaultlib
INFO: [VRFC 10-311] analyzing module exe_stage
INFO: [VRFC 10-2263] Analyzing Verilog file "E:/new/class/MiniMIPS32/MiniMIPS32.srcs/sources_1/new/exemem_reg.v" into library xil_defaultlib
INFO: [VRFC 10-311] analyzing module exemem_reg
INFO: [VRFC 10-2263] Analyzing Verilog file "E:/new/class/MiniMIPS32/MiniMIPS32.srcs/sources_1/new/id_stage.v" into library xil_defaultlib
INFO: [VRFC 10-311] analyzing module id_stage
INFO: [VRFC 10-2263] Analyzing Verilog file "E:/new/class/MiniMIPS32/MiniMIPS32.srcs/sources_1/new/idexe_reg.v" into library xil_defaultlib
INFO: [VRFC 10-311] analyzing module idexe_reg
INFO: [VRFC 10-2263] Analyzing Verilog file "E:/new/class/MiniMIPS32/MiniMIPS32.srcs/sources_1/new/if_stage.v" into library xil_defaultlib
INFO: [VRFC 10-311] analyzing module if_stage
INFO: [VRFC 10-2263] Analyzing Verilog file "E:/new/class/MiniMIPS32/MiniMIPS32.srcs/sources_1/new/ifid_reg.v" into library xil_defaultlib
INFO: [VRFC 10-311] analyzing module ifid_reg
INFO: [VRFC 10-2263] Analyzing Verilog file "E:/new/class/MiniMIPS32/MiniMIPS32.srcs/sources_1/new/mem_stage.v" into library xil_defaultlib
INFO: [VRFC 10-311] analyzing module mem_stage
INFO: [VRFC 10-2263] Analyzing Verilog file "E:/new/class/MiniMIPS32/MiniMIPS32.srcs/sources_1/new/memwb_reg.v" into library xil_defaultlib
INFO: [VRFC 10-311] analyzing module memwb_reg
INFO: [VRFC 10-2263] Analyzing Verilog file "E:/new/class/MiniMIPS32/MiniMIPS32.srcs/sources_1/new/regfile.v" into library xil_defaultlib
INFO: [VRFC 10-311] analyzing module regfile
INFO: [VRFC 10-2263] Analyzing Verilog file "E:/new/class/MiniMIPS32/MiniMIPS32.srcs/sources_1/new/wb_stage.v" into library xil_defaultlib
INFO: [VRFC 10-311] analyzing module wb_stage
INFO: [VRFC 10-2263] Analyzing Verilog file "E:/new/class/MiniMIPS32/MiniMIPS32.srcs/sim_1/new/MiniMIPS32_SYS_tb.v" into library xil_defaultlib
INFO: [VRFC 10-311] analyzing module MiniMIPS32_SYS_tb
INFO: [VRFC 10-2263] Analyzing Verilog file "E:/new/class/MiniMIPS32/MiniMIPS32.sim/sim_1/behav/xsim/glbl.v" into library xil_defaultlib
INFO: [VRFC 10-311] analyzing module glbl
